0 info it worked if it ends with ok
1 verbose cli [ 'C:\\Program Files\\nodejs\\\\node.exe',
1 verbose cli   'C:\\Program Files\\nodejs\\node_modules\\npm\\bin\\npm-cli.js',
1 verbose cli   'install',
1 verbose cli   'cors',
1 verbose cli   '--save' ]
2 info using npm@1.4.28
3 info using node@v0.10.32
4 verbose node symlink C:\Program Files\nodejs\\node.exe
5 warn package.json medical@1.0.0 No repository field.
6 verbose readDependencies using package.json deps
7 verbose cache add [ 'cors', null ]
8 verbose cache add name=undefined spec="cors" args=["cors",null]
9 verbose parsed url { protocol: null,
9 verbose parsed url   slashes: null,
9 verbose parsed url   auth: null,
9 verbose parsed url   host: null,
9 verbose parsed url   port: null,
9 verbose parsed url   hostname: null,
9 verbose parsed url   hash: null,
9 verbose parsed url   search: null,
9 verbose parsed url   query: null,
9 verbose parsed url   pathname: 'cors',
9 verbose parsed url   path: 'cors',
9 verbose parsed url   href: 'cors' }
10 silly lockFile 3b1b74c9-cors cors
11 verbose lock cors C:\Users\Kal\AppData\Roaming\npm-cache\3b1b74c9-cors.lock
12 silly lockFile 3b1b74c9-cors cors
13 silly lockFile 3b1b74c9-cors cors
14 verbose addNamed [ 'cors', '' ]
15 verbose addNamed [ null, '*' ]
16 silly lockFile 9fcb5857-cors cors@
17 verbose lock cors@ C:\Users\Kal\AppData\Roaming\npm-cache\9fcb5857-cors.lock
18 silly addNameRange { name: 'cors', range: '*', hasData: false }
19 verbose request where is /cors
20 verbose request registry https://registry.npmjs.org/
21 verbose request id 5525725340242c29
22 verbose url raw /cors
23 verbose url resolving [ 'https://registry.npmjs.org/', './cors' ]
24 verbose url resolved https://registry.npmjs.org/cors
25 verbose request where is https://registry.npmjs.org/cors
26 info trying registry request attempt 1 at 14:10:53
27 http GET https://registry.npmjs.org/cors
28 info retry will retry, error on last attempt: Error: getaddrinfo ENOTFOUND
29 info trying registry request attempt 2 at 14:11:03
30 http GET https://registry.npmjs.org/cors
31 info retry will retry, error on last attempt: Error: getaddrinfo ENOTFOUND
32 info trying registry request attempt 3 at 14:12:03
33 http GET https://registry.npmjs.org/cors
34 silly lockFile 9fcb5857-cors cors@
35 silly lockFile 9fcb5857-cors cors@
36 error network getaddrinfo ENOTFOUND
36 error network This is most likely not a problem with npm itself
36 error network and is related to network connectivity.
36 error network In most cases you are behind a proxy or have bad network settings.
36 error network
36 error network If you are behind a proxy, please make sure that the
36 error network 'proxy' config is set properly.  See: 'npm help config'
37 error System Windows_NT 6.2.9200
38 error command "C:\\Program Files\\nodejs\\\\node.exe" "C:\\Program Files\\nodejs\\node_modules\\npm\\bin\\npm-cli.js" "install" "cors" "--save"
39 error cwd C:\Users\Kal\Desktop\Angularjs\PhoneGapApps\MedFind2\medical
40 error node -v v0.10.32
41 error npm -v 1.4.28
42 error syscall getaddrinfo
43 error code ENOTFOUND
44 error errno ENOTFOUND
45 verbose exit [ 1, true ]
